\BOOKMARK [1][-]{section.1}{\376\377\000I\000N\000T\000R\000O\000D\000U\000C\000T\000I\000O\000N}{}% 1
\BOOKMARK [1][-]{section.2}{\376\377\000M\000O\000D\000E\000L\000\040\000A\000R\000C\000H\000I\000T\000E\000C\000T\000U\000R\000E\000S}{}% 2
\BOOKMARK [2][-]{subsection.2.1}{\376\377\000Q\000w\000e\000n\0003\000-\000T\000T\000S\000\040\000\050\000P\000r\000i\000m\000a\000r\000y\000\040\000M\000o\000d\000e\000l\000\051}{section.2}% 3
\BOOKMARK [2][-]{subsection.2.2}{\376\377\000F\000i\000s\000h\000\040\000A\000u\000d\000i\000o\000\040\000S\0002\000\040\000P\000r\000o\000\040\000\050\000C\000o\000m\000p\000a\000r\000i\000s\000o\000n\000\040\000M\000o\000d\000e\000l\000\051}{section.2}% 4
\BOOKMARK [1][-]{section.3}{\376\377\000D\000A\000T\000A\000\040\000C\000O\000L\000L\000E\000C\000T\000I\000O\000N\000\040\000A\000N\000D\000\040\000P\000R\000E\000P\000R\000O\000C\000E\000S\000S\000I\000N\000G}{}% 5
\BOOKMARK [2][-]{subsection.3.1}{\376\377\000D\000a\000t\000a\000\040\000S\000o\000u\000r\000c\000e\000s}{section.3}% 6
\BOOKMARK [2][-]{subsection.3.2}{\376\377\000P\000r\000e\000p\000r\000o\000c\000e\000s\000s\000i\000n\000g\000\040\000P\000i\000p\000e\000l\000i\000n\000e}{section.3}% 7
\BOOKMARK [2][-]{subsection.3.3}{\376\377\000A\000u\000d\000i\000o\000\040\000N\000o\000r\000m\000a\000l\000i\000z\000a\000t\000i\000o\000n}{section.3}% 8
\BOOKMARK [2][-]{subsection.3.4}{\376\377\000D\000a\000t\000a\000s\000e\000t\000\040\000S\000t\000a\000t\000i\000s\000t\000i\000c\000s}{section.3}% 9
\BOOKMARK [1][-]{section.4}{\376\377\000T\000R\000A\000I\000N\000I\000N\000G\000\040\000M\000E\000T\000H\000O\000D\000O\000L\000O\000G\000Y}{}% 10
\BOOKMARK [2][-]{subsection.4.1}{\376\377\000T\000r\000a\000i\000n\000i\000n\000g\000\040\000P\000i\000p\000e\000l\000i\000n\000e}{section.4}% 11
\BOOKMARK [2][-]{subsection.4.2}{\376\377\000H\000y\000p\000e\000r\000p\000a\000r\000a\000m\000e\000t\000e\000r\000\040\000C\000o\000n\000f\000i\000g\000u\000r\000a\000t\000i\000o\000n}{section.4}% 12
\BOOKMARK [2][-]{subsection.4.3}{\376\377\000E\000x\000p\000e\000r\000i\000m\000e\000n\000t\000\040\000I\000t\000e\000r\000a\000t\000i\000o\000n\000s}{section.4}% 13
\BOOKMARK [2][-]{subsection.4.4}{\376\377\000C\000r\000i\000t\000i\000c\000a\000l\000\040\000B\000u\000g\000\040\000F\000i\000x\000:\000\040\000b\000f\0001\0006\000\040\000S\000p\000e\000a\000k\000e\000r\000\040\000E\000m\000b\000e\000d\000d\000i\000n\000g\000\040\000P\000r\000e\000c\000i\000s\000i\000o\000n}{section.4}% 14
\BOOKMARK [1][-]{section.5}{\376\377\000E\000V\000A\000L\000U\000A\000T\000I\000O\000N}{}% 15
\BOOKMARK [2][-]{subsection.5.1}{\376\377\000E\000v\000a\000l\000u\000a\000t\000i\000o\000n\000\040\000M\000e\000t\000r\000i\000c\000s}{section.5}% 16
\BOOKMARK [2][-]{subsection.5.2}{\376\377\000C\000o\000m\000p\000r\000e\000h\000e\000n\000s\000i\000v\000e\000\040\000R\000e\000s\000u\000l\000t\000s}{section.5}% 17
\BOOKMARK [2][-]{subsection.5.3}{\376\377\000P\000e\000r\000-\000S\000a\000m\000p\000l\000e\000\040\000A\000n\000a\000l\000y\000s\000i\000s}{section.5}% 18
\BOOKMARK [2][-]{subsection.5.4}{\376\377\000K\000e\000y\000\040\000F\000i\000n\000d\000i\000n\000g\000s}{section.5}% 19
\BOOKMARK [1][-]{section.6}{\376\377\000I\000N\000F\000E\000R\000E\000N\000C\000E\000\040\000A\000C\000C\000E\000L\000E\000R\000A\000T\000I\000O\000N}{}% 20
\BOOKMARK [2][-]{subsection.6.1}{\376\377\000V\000e\000r\000i\000f\000i\000e\000d\000\040\000A\000c\000c\000e\000l\000e\000r\000a\000t\000i\000o\000n\000\040\000M\000e\000t\000h\000o\000d\000s}{section.6}% 21
\BOOKMARK [2][-]{subsection.6.2}{\376\377\000R\000e\000j\000e\000c\000t\000e\000d\000\040\000A\000c\000c\000e\000l\000e\000r\000a\000t\000i\000o\000n\000\040\000M\000e\000t\000h\000o\000d\000s}{section.6}% 22
\BOOKMARK [2][-]{subsection.6.3}{\376\377\000A\000c\000c\000e\000l\000e\000r\000a\000t\000i\000o\000n\000\040\000C\000o\000n\000c\000l\000u\000s\000i\000o\000n\000s}{section.6}% 23
\BOOKMARK [1][-]{section.7}{\376\377\000E\000P\000O\000C\000H\000-\000L\000E\000V\000E\000L\000\040\000A\000N\000A\000L\000Y\000S\000I\000S}{}% 24
\BOOKMARK [2][-]{subsection.7.1}{\376\377\000T\000r\000a\000i\000n\000i\000n\000g\000\040\000C\000o\000n\000v\000e\000r\000g\000e\000n\000c\000e\000\040\000a\000c\000r\000o\000s\000s\000\040\000E\000p\000o\000c\000h\000s}{section.7}% 25
\BOOKMARK [2][-]{subsection.7.2}{\376\377\000N\000a\000t\000i\000v\000e\000\040\000v\000s\000.\000\040\000C\000U\000D\000A\000\040\000G\000r\000a\000p\000h\000\040\000I\000n\000f\000e\000r\000e\000n\000c\000e\000\040\000C\000o\000m\000p\000a\000r\000i\000s\000o\000n}{section.7}% 26
\BOOKMARK [1][-]{section.8}{\376\377\000C\000O\000N\000C\000L\000U\000S\000I\000O\000N\000S\000\040\000A\000N\000D\000\040\000F\000U\000T\000U\000R\000E\000\040\000W\000O\000R\000K}{}% 27
\BOOKMARK [2][-]{subsection.8.1}{\376\377\000S\000u\000m\000m\000a\000r\000y}{section.8}% 28
\BOOKMARK [2][-]{subsection.8.2}{\376\377\000P\000r\000o\000d\000u\000c\000t\000i\000o\000n\000\040\000R\000e\000c\000o\000m\000m\000e\000n\000d\000a\000t\000i\000o\000n}{section.8}% 29
\BOOKMARK [2][-]{subsection.8.3}{\376\377\000F\000u\000t\000u\000r\000e\000\040\000W\000o\000r\000k}{section.8}% 30
