\BOOKMARK [1][-]{section.1}{\376\377\137\025\212\000}{}% 1
\BOOKMARK [1][-]{section.2}{\376\377\152\041\127\213\147\266\147\204}{}% 2
\BOOKMARK [2][-]{subsection.2.1}{\376\377\000Q\000w\000e\000n\0003\000-\000T\000T\000S\377\010\116\073\152\041\127\213\377\011}{section.2}% 3
\BOOKMARK [2][-]{subsection.2.2}{\376\377\000F\000i\000s\000h\000\040\000A\000u\000d\000i\000o\000\040\000S\0002\000\040\000P\000r\000o\377\010\133\371\153\324\152\041\127\213\377\011}{section.2}% 4
\BOOKMARK [1][-]{section.3}{\376\377\145\160\143\156\221\307\226\306\116\016\230\204\131\004\164\006}{}% 5
\BOOKMARK [2][-]{subsection.3.1}{\376\377\145\160\143\156\147\145\156\220}{section.3}% 6
\BOOKMARK [2][-]{subsection.3.2}{\376\377\230\204\131\004\164\006\155\101\154\064\176\277}{section.3}% 7
\BOOKMARK [2][-]{subsection.3.3}{\376\377\145\160\143\156\226\306\176\337\213\241}{section.3}% 8
\BOOKMARK [1][-]{section.4}{\376\377\213\255\176\303\145\271\154\325}{}% 9
\BOOKMARK [2][-]{subsection.4.1}{\376\377\213\255\176\303\155\101\154\064\176\277}{section.4}% 10
\BOOKMARK [2][-]{subsection.4.2}{\376\377\215\205\123\302\145\160\221\115\177\156}{section.4}% 11
\BOOKMARK [2][-]{subsection.4.3}{\376\377\133\236\232\214\217\355\116\343\123\206\172\013}{section.4}% 12
\BOOKMARK [2][-]{subsection.4.4}{\376\377\121\163\225\056\000\040\000B\000u\000g\377\032\000b\000f\0001\0006\000\040\213\364\213\335\116\272\135\114\121\145\174\276\136\246}{section.4}% 13
\BOOKMARK [1][-]{section.5}{\376\377\213\304\117\060}{}% 14
\BOOKMARK [2][-]{subsection.5.1}{\376\377\213\304\117\060\143\007\150\007}{section.5}% 15
\BOOKMARK [2][-]{subsection.5.2}{\376\377\176\374\124\010\176\323\147\234}{section.5}% 16
\BOOKMARK [2][-]{subsection.5.3}{\376\377\220\020\150\067\147\054\122\006\147\220}{section.5}% 17
\BOOKMARK [2][-]{subsection.5.4}{\376\377\150\070\137\303\123\321\163\260}{section.5}% 18
\BOOKMARK [1][-]{section.6}{\376\377\143\250\164\006\122\240\220\037}{}% 19
\BOOKMARK [2][-]{subsection.6.1}{\376\377\147\011\145\110\122\240\220\037\145\271\150\110}{section.6}% 20
\BOOKMARK [2][-]{subsection.6.2}{\376\377\210\253\143\222\226\144\145\271\150\110}{section.6}% 21
\BOOKMARK [1][-]{section.7}{\376\377\220\020\217\156\153\041\122\006\147\220}{}% 22
\BOOKMARK [1][-]{section.8}{\376\377\176\323\213\272\116\016\134\125\147\033}{}% 23
\BOOKMARK [2][-]{subsection.8.1}{\376\377\140\073\176\323}{section.8}% 24
\BOOKMARK [2][-]{subsection.8.2}{\376\377\220\350\177\162\136\372\213\256}{section.8}% 25
\BOOKMARK [2][-]{subsection.8.3}{\376\377\147\052\147\145\135\345\117\134}{section.8}% 26
